build/outputs/logs/manifest-merger-debug-report.txt
-- Merging decision tree log ---
provider#android.support.v4.content.FileProvider
INJECTED from Android Studio/AuthVertical_b/AndroidManifest.xml:102:9-110:20
	android:grantUriPermissions
		ADDED from Android Studio/AuthVertical_b/AndroidManifest.xml:106:13-47
	android:authorities
		INJECTED from Android Studio/AuthVertical_b/AndroidManifest.xml
		ADDED from Android Studio/AuthVertical_b/AndroidManifest.xml:104:13-60
	android:exported
		ADDED from Android Studio/AuthVertical_b/AndroidManifest.xml:105:13-37
	android:name
		ADDED from Android Studio/AuthVertical_b/AndroidManifest.xml:103:13-67
manifest
ADDED from Android Studio/AuthVertical_b/AndroidManifest.xml:2:1-113:12
INJECTED from Android Studio/AuthVertical_b/AndroidManifest.xml:2:1-113:12
INJECTED from Android Studio/AuthVertical_b/AndroidManifest.xml:2:1-113:12
INJECTED from Android Studio/AuthVertical_b/AndroidManifest.xml:2:1-113:12
MERGED from [dpuareu.aar] AndroidManifest.xml:2:1-11:12
MERGED from [com.github.jaiselrahman:HintSpinner:1.0.0] AndroidManifest.xml:2:1-11:12
MERGED from [com.karumi:dexter:5.0.0] AndroidManifest.xml:17:1-32:12
MERGED from [com.github.yalantis:ucrop:2.2.3] AndroidManifest.xml:2:1-11:12
MERGED from [com.android.support:design:28.0.0] AndroidManifest.xml:17:1-24:12
MERGED from [com.android.support:appcompat-v7:28.0.0] AndroidManifest.xml:17:1-22:12
MERGED from [com.android.support.constraint:constraint-layout:1.1.3] AndroidManifest.xml:2:1-11:12
MERGED from [com.jakewharton:butterknife:8.8.1] AndroidManifest.xml:2:1-7:12
MERGED from [com.android.support:support-v4:28.0.0] AndroidManifest.xml:17:1-22:12
MERGED from [com.android.support:cardview-v7:28.0.0] AndroidManifest.xml:17:1-22:12
MERGED from [com.android.support:recyclerview-v7:28.0.0] AndroidManifest.xml:17:1-22:12
MERGED from [com.intuit.sdp:sdp-android:1.0.6] AndroidManifest.xml:2:1-11:12
MERGED from [de.hdodenhof:circleimageview:3.0.0] AndroidManifest.xml:2:1-11:12
MERGED from [com.kaopiz:kprogresshud:1.2.0] AndroidManifest.xml:2:1-15:12
MERGED from [android.arch.persistence.room:runtime:1.1.1] AndroidManifest.xml:17:1-22:12
MERGED from [com.android.support:support-fragment:28.0.0] AndroidManifest.xml:17:1-22:12
MERGED from [com.android.support:animated-vector-drawable:28.0.0] AndroidManifest.xml:17:1-22:12
MERGED from [com.android.support:support-core-ui:28.0.0] AndroidManifest.xml:17:1-22:12
MERGED from [com.android.support:support-core-utils:28.0.0] AndroidManifest.xml:17:1-22:12
MERGED from [com.android.support:loader:28.0.0] AndroidManifest.xml:17:1-22:12
MERGED from [android.arch.lifecycle:livedata:1.1.1] AndroidManifest.xml:17:1-22:12
MERGED from [com.android.support:support-vector-drawable:28.0.0] AndroidManifest.xml:17:1-22:12
MERGED from [com.android.support:support-media-compat:28.0.0] AndroidManifest.xml:17:1-22:12
MERGED from [com.android.support:transition:28.0.0] AndroidManifest.xml:17:1-22:12
MERGED from [com.android.support:viewpager:28.0.0] AndroidManifest.xml:17:1-22:12
MERGED from [com.android.support:coordinatorlayout:28.0.0] AndroidManifest.xml:17:1-22:12
MERGED from [com.android.support:drawerlayout:28.0.0] AndroidManifest.xml:17:1-22:12
MERGED from [com.android.support:slidingpanelayout:28.0.0] AndroidManifest.xml:17:1-22:12
MERGED from [com.android.support:customview:28.0.0] AndroidManifest.xml:17:1-22:12
MERGED from [com.android.support:swiperefreshlayout:28.0.0] AndroidManifest.xml:17:1-22:12
MERGED from [com.android.support:asynclayoutinflater:28.0.0] AndroidManifest.xml:17:1-22:12
MERGED from [com.android.support:support-compat:28.0.0] AndroidManifest.xml:17:1-24:12
MERGED from [com.android.support:versionedparcelable:28.0.0] AndroidManifest.xml:17:1-25:12
MERGED from [com.android.support:cursoradapter:28.0.0] AndroidManifest.xml:17:1-22:12
MERGED from [android.arch.persistence:db-framework:1.1.1] AndroidManifest.xml:17:1-22:12
MERGED from [android.arch.persistence:db:1.1.1] AndroidManifest.xml:17:1-22:12
MERGED from [android.arch.lifecycle:livedata-core:1.1.1] AndroidManifest.xml:17:1-22:12
MERGED from [android.arch.core:runtime:1.1.1] AndroidManifest.xml:17:1-22:12
MERGED from [android.arch.lifecycle:runtime:1.1.1] AndroidManifest.xml:17:1-22:12
MERGED from [com.android.support:exifinterface:28.0.0] AndroidManifest.xml:17:1-22:12
MERGED from [com.android.support:documentfile:28.0.0] AndroidManifest.xml:17:1-22:12
MERGED from [com.android.support:localbroadcastmanager:28.0.0] AndroidManifest.xml:17:1-22:12
MERGED from [com.android.support:print:28.0.0] AndroidManifest.xml:17:1-22:12
MERGED from [android.arch.lifecycle:viewmodel:1.1.1] AndroidManifest.xml:17:1-22:12
MERGED from [com.android.support:interpolator:28.0.0] AndroidManifest.xml:17:1-22:12
INJECTED from Android Studio/AuthVertical_b/AndroidManifest.xml:2:1-113:12
INJECTED from Android Studio/AuthVertical_b/AndroidManifest.xml:2:1-113:12
INJECTED from Android Studio/AuthVertical_b/AndroidManifest.xml:2:1-113:12
	package
		ADDED from Android Studio/AuthVertical_b/AndroidManifest.xml:3:5-39
		INJECTED from Android Studio/AuthVertical_b/AndroidManifest.xml
		INJECTED from Android Studio/AuthVertical_b/AndroidManifest.xml
	android:versionName
		INJECTED from Android Studio/AuthVertical_b/AndroidManifest.xml
		ADDED from Android Studio/AuthVertical_b/AndroidManifest.xml:2:1-113:12
		INJECTED from Android Studio/AuthVertical_b/AndroidManifest.xml
	android:versionCode
		INJECTED from Android Studio/AuthVertical_b/AndroidManifest.xml
		ADDED from Android Studio/AuthVertical_b/AndroidManifest.xml:2:1-113:12
		INJECTED from Android Studio/AuthVertical_b/AndroidManifest.xml
	xmlns:android
		ADDED from Android Studio/AuthVertical_b/AndroidManifest.xml:2:11-69
uses-feature#android.hardware.usb.host
ADDED from Android Studio/AuthVertical_b/AndroidManifest.xml:5:5-62
	android:name
		ADDED from Android Studio/AuthVertical_b/AndroidManifest.xml:5:19-59
uses-feature#android.hardware.camera
ADDED from Android Studio/AuthVertical_b/AndroidManifest.xml:6:5-7:35
	android:required
		ADDED from Android Studio/AuthVertical_b/AndroidManifest.xml:7:9-32
	android:name
		ADDED from Android Studio/AuthVertical_b/AndroidManifest.xml:6:19-57
uses-permission#android.permission.CAMERA
ADDED from Android Studio/AuthVertical_b/AndroidManifest.xml:8:5-65
	android:name
		ADDED from Android Studio/AuthVertical_b/AndroidManifest.xml:8:22-62
uses-permission#android.permission.INTERNET
ADDED from Android Studio/AuthVertical_b/AndroidManifest.xml:9:5-67
	android:name
		ADDED from Android Studio/AuthVertical_b/AndroidManifest.xml:9:22-64
uses-permission#android.permission.READ_EXTERNAL_STORAGE
ADDED from Android Studio/AuthVertical_b/AndroidManifest.xml:10:5-80
	android:name
		ADDED from Android Studio/AuthVertical_b/AndroidManifest.xml:10:22-77
uses-permission#android.permission.WRITE_EXTERNAL_STORAGE
ADDED from Android Studio/AuthVertical_b/AndroidManifest.xml:11:5-81
	android:name
		ADDED from Android Studio/AuthVertical_b/AndroidManifest.xml:11:22-78
application
ADDED from Android Studio/AuthVertical_b/AndroidManifest.xml:13:5-111:19
MERGED from [com.karumi:dexter:5.0.0] AndroidManifest.xml:26:5-30:19
MERGED from [com.karumi:dexter:5.0.0] AndroidManifest.xml:26:5-30:19
MERGED from [com.android.support:design:28.0.0] AndroidManifest.xml:22:5-20
MERGED from [com.android.support:design:28.0.0] AndroidManifest.xml:22:5-20
MERGED from [com.android.support.constraint:constraint-layout:1.1.3] AndroidManifest.xml:9:5-20
MERGED from [com.android.support.constraint:constraint-layout:1.1.3] AndroidManifest.xml:9:5-20
MERGED from [de.hdodenhof:circleimageview:3.0.0] AndroidManifest.xml:9:5-20
MERGED from [de.hdodenhof:circleimageview:3.0.0] AndroidManifest.xml:9:5-20
MERGED from [com.kaopiz:kprogresshud:1.2.0] AndroidManifest.xml:11:5-13:38
MERGED from [com.kaopiz:kprogresshud:1.2.0] AndroidManifest.xml:11:5-13:38
MERGED from [com.android.support:support-compat:28.0.0] AndroidManifest.xml:22:5-94
MERGED from [com.android.support:support-compat:28.0.0] AndroidManifest.xml:22:5-94
MERGED from [com.android.support:versionedparcelable:28.0.0] AndroidManifest.xml:22:5-23:19
MERGED from [com.android.support:versionedparcelable:28.0.0] AndroidManifest.xml:22:5-23:19
	android:appComponentFactory
		ADDED from [com.android.support:support-compat:28.0.0] AndroidManifest.xml:22:18-91
	android:supportsRtl
		ADDED from [com.kaopiz:kprogresshud:1.2.0] AndroidManifest.xml:13:9-35
	android:label
		ADDED from Android Studio/AuthVertical_b/AndroidManifest.xml:16:9-41
	android:icon
		ADDED from Android Studio/AuthVertical_b/AndroidManifest.xml:15:9-43
	android:allowBackup
		ADDED from Android Studio/AuthVertical_b/AndroidManifest.xml:14:9-35
	android:theme
		ADDED from Android Studio/AuthVertical_b/AndroidManifest.xml:18:9-40
	android:usesCleartextTraffic
		ADDED from Android Studio/AuthVertical_b/AndroidManifest.xml:17:9-44
activity#com.example.authvertical.activities.LoginActivity
ADDED from Android Studio/AuthVertical_b/AndroidManifest.xml:19:9-30:20
	android:screenOrientation
		ADDED from Android Studio/AuthVertical_b/AndroidManifest.xml:24:13-49
	android:label
		ADDED from Android Studio/AuthVertical_b/AndroidManifest.xml:23:13-45
	android:exported
		ADDED from Android Studio/AuthVertical_b/AndroidManifest.xml:22:13-36
	android:configChanges
		ADDED from Android Studio/AuthVertical_b/AndroidManifest.xml:21:13-74
	android:name
		ADDED from Android Studio/AuthVertical_b/AndroidManifest.xml:20:13-53
intent-filter#action:name:android.intent.action.MAIN+category:name:android.intent.category.LAUNCHER
ADDED from Android Studio/AuthVertical_b/AndroidManifest.xml:25:13-29:29
action#android.intent.action.MAIN
ADDED from Android Studio/AuthVertical_b/AndroidManifest.xml:26:17-69
	android:name
		ADDED from Android Studio/AuthVertical_b/AndroidManifest.xml:26:25-66
category#android.intent.category.LAUNCHER
ADDED from Android Studio/AuthVertical_b/AndroidManifest.xml:28:17-77
	android:name
		ADDED from Android Studio/AuthVertical_b/AndroidManifest.xml:28:27-74
activity#com.example.authvertical.GetReaderActivity
ADDED from Android Studio/AuthVertical_b/AndroidManifest.xml:31:9-45:20
	android:label
		ADDED from Android Studio/AuthVertical_b/AndroidManifest.xml:34:13-45
	android:configChanges
		ADDED from Android Studio/AuthVertical_b/AndroidManifest.xml:33:13-74
	android:name
		ADDED from Android Studio/AuthVertical_b/AndroidManifest.xml:32:13-46
intent-filter#category:name:android.intent.category.LAUNCHER
ADDED from Android Studio/AuthVertical_b/AndroidManifest.xml:35:13-37:29
intent-filter#action:name:android.hardware.usb.action.USB_DEVICE_ATTACHED
ADDED from Android Studio/AuthVertical_b/AndroidManifest.xml:38:13-40:29
action#android.hardware.usb.action.USB_DEVICE_ATTACHED
ADDED from Android Studio/AuthVertical_b/AndroidManifest.xml:39:17-90
	android:name
		ADDED from Android Studio/AuthVertical_b/AndroidManifest.xml:39:25-87
meta-data#android.hardware.usb.action.USB_DEVICE_ATTACHED
ADDED from Android Studio/AuthVertical_b/AndroidManifest.xml:42:13-44:57
	android:resource
		ADDED from Android Studio/AuthVertical_b/AndroidManifest.xml:44:17-54
	android:name
		ADDED from Android Studio/AuthVertical_b/AndroidManifest.xml:43:17-79
activity#com.example.authvertical.GetCapabilitiesActivity
ADDED from Android Studio/AuthVertical_b/AndroidManifest.xml:46:9-53:20
	android:label
		ADDED from Android Studio/AuthVertical_b/AndroidManifest.xml:49:13-45
	android:configChanges
		ADDED from Android Studio/AuthVertical_b/AndroidManifest.xml:48:13-74
	android:name
		ADDED from Android Studio/AuthVertical_b/AndroidManifest.xml:47:13-52
activity#com.example.authvertical.CaptureFingerprintActivity
ADDED from Android Studio/AuthVertical_b/AndroidManifest.xml:54:9-62:20
	android:screenOrientation
		ADDED from Android Studio/AuthVertical_b/AndroidManifest.xml:58:13-49
	android:label
		ADDED from Android Studio/AuthVertical_b/AndroidManifest.xml:57:13-45
	android:configChanges
		ADDED from Android Studio/AuthVertical_b/AndroidManifest.xml:56:13-74
	android:name
		ADDED from Android Studio/AuthVertical_b/AndroidManifest.xml:55:13-55
activity#com.example.authvertical.StreamImageActivity
ADDED from Android Studio/AuthVertical_b/AndroidManifest.xml:63:9-70:20
	android:label
		ADDED from Android Studio/AuthVertical_b/AndroidManifest.xml:66:13-45
	android:configChanges
		ADDED from Android Studio/AuthVertical_b/AndroidManifest.xml:65:13-74
	android:name
		ADDED from Android Studio/AuthVertical_b/AndroidManifest.xml:64:13-48
activity#com.example.authvertical.EnrollmentActivity
ADDED from Android Studio/AuthVertical_b/AndroidManifest.xml:71:9-78:20
	android:label
		ADDED from Android Studio/AuthVertical_b/AndroidManifest.xml:74:13-45
	android:configChanges
		ADDED from Android Studio/AuthVertical_b/AndroidManifest.xml:73:13-74
	android:name
		ADDED from Android Studio/AuthVertical_b/AndroidManifest.xml:72:13-47
activity#com.example.authvertical.VerificationActivity
ADDED from Android Studio/AuthVertical_b/AndroidManifest.xml:79:9-86:20
	android:label
		ADDED from Android Studio/AuthVertical_b/AndroidManifest.xml:82:13-45
	android:configChanges
		ADDED from Android Studio/AuthVertical_b/AndroidManifest.xml:81:13-74
	android:name
		ADDED from Android Studio/AuthVertical_b/AndroidManifest.xml:80:13-49
activity#com.example.authvertical.IdentificationActivity
ADDED from Android Studio/AuthVertical_b/AndroidManifest.xml:87:9-94:20
	android:label
		ADDED from Android Studio/AuthVertical_b/AndroidManifest.xml:90:13-45
	android:configChanges
		ADDED from Android Studio/AuthVertical_b/AndroidManifest.xml:89:13-74
	android:name
		ADDED from Android Studio/AuthVertical_b/AndroidManifest.xml:88:13-51
activity#com.example.authvertical.activities.Dashboard
ADDED from Android Studio/AuthVertical_b/AndroidManifest.xml:95:9-99:59
	android:label
		ADDED from Android Studio/AuthVertical_b/AndroidManifest.xml:98:13-45
	android:configChanges
		ADDED from Android Studio/AuthVertical_b/AndroidManifest.xml:97:13-59
	android:theme
		ADDED from Android Studio/AuthVertical_b/AndroidManifest.xml:99:13-56
	android:name
		ADDED from Android Studio/AuthVertical_b/AndroidManifest.xml:96:13-49
activity#com.example.authvertical.utils.ImagePickerActivity
ADDED from Android Studio/AuthVertical_b/AndroidManifest.xml:100:9-63
	android:name
		ADDED from Android Studio/AuthVertical_b/AndroidManifest.xml:100:19-60
uses-sdk
INJECTED from Android Studio/AuthVertical_b/AndroidManifest.xml reason: use-sdk injection requested
INJECTED from Android Studio/AuthVertical_b/AndroidManifest.xml
INJECTED from Android Studio/AuthVertical_b/AndroidManifest.xml
MERGED from [dpuareu.aar] AndroidManifest.xml:7:5-9:41
MERGED from [dpuareu.aar] AndroidManifest.xml:7:5-9:41
MERGED from [com.github.jaiselrahman:HintSpinner:1.0.0] AndroidManifest.xml:7:5-9:41
MERGED from [com.github.jaiselrahman:HintSpinner:1.0.0] AndroidManifest.xml:7:5-9:41
MERGED from [com.karumi:dexter:5.0.0] AndroidManifest.xml:22:5-24:41
MERGED from [com.karumi:dexter:5.0.0] AndroidManifest.xml:22:5-24:41
MERGED from [com.github.yalantis:ucrop:2.2.3] AndroidManifest.xml:7:5-9:41
MERGED from [com.github.yalantis:ucrop:2.2.3] AndroidManifest.xml:7:5-9:41
MERGED from [com.android.support:design:28.0.0] AndroidManifest.xml:20:5-44
MERGED from [com.android.support:design:28.0.0] AndroidManifest.xml:20:5-44
MERGED from [com.android.support:appcompat-v7:28.0.0] AndroidManifest.xml:20:5-44
MERGED from [com.android.support:appcompat-v7:28.0.0] AndroidManifest.xml:20:5-44
MERGED from [com.android.support.constraint:constraint-layout:1.1.3] AndroidManifest.xml:5:5-7:41
MERGED from [com.android.support.constraint:constraint-layout:1.1.3] AndroidManifest.xml:5:5-7:41
MERGED from [com.jakewharton:butterknife:8.8.1] AndroidManifest.xml:5:5-43
MERGED from [com.jakewharton:butterknife:8.8.1] AndroidManifest.xml:5:5-43
MERGED from [com.android.support:support-v4:28.0.0] AndroidManifest.xml:20:5-44
MERGED from [com.android.support:support-v4:28.0.0] AndroidManifest.xml:20:5-44
MERGED from [com.android.support:cardview-v7:28.0.0] AndroidManifest.xml:20:5-44
MERGED from [com.android.support:cardview-v7:28.0.0] AndroidManifest.xml:20:5-44
MERGED from [com.android.support:recyclerview-v7:28.0.0] AndroidManifest.xml:20:5-44
MERGED from [com.android.support:recyclerview-v7:28.0.0] AndroidManifest.xml:20:5-44
MERGED from [com.intuit.sdp:sdp-android:1.0.6] AndroidManifest.xml:7:5-9:41
MERGED from [com.intuit.sdp:sdp-android:1.0.6] AndroidManifest.xml:7:5-9:41
MERGED from [de.hdodenhof:circleimageview:3.0.0] AndroidManifest.xml:5:5-7:41
MERGED from [de.hdodenhof:circleimageview:3.0.0] AndroidManifest.xml:5:5-7:41
MERGED from [com.kaopiz:kprogresshud:1.2.0] AndroidManifest.xml:7:5-9:41
MERGED from [com.kaopiz:kprogresshud:1.2.0] AndroidManifest.xml:7:5-9:41
MERGED from [android.arch.persistence.room:runtime:1.1.1] AndroidManifest.xml:20:5-44
MERGED from [android.arch.persistence.room:runtime:1.1.1] AndroidManifest.xml:20:5-44
MERGED from [com.android.support:support-fragment:28.0.0] AndroidManifest.xml:20:5-44
MERGED from [com.android.support:support-fragment:28.0.0] AndroidManifest.xml:20:5-44
MERGED from [com.android.support:animated-vector-drawable:28.0.0] AndroidManifest.xml:20:5-44
MERGED from [com.android.support:animated-vector-drawable:28.0.0] AndroidManifest.xml:20:5-44
MERGED from [com.android.support:support-core-ui:28.0.0] AndroidManifest.xml:20:5-44
MERGED from [com.android.support:support-core-ui:28.0.0] AndroidManifest.xml:20:5-44
MERGED from [com.android.support:support-core-utils:28.0.0] AndroidManifest.xml:20:5-44
MERGED from [com.android.support:support-core-utils:28.0.0] AndroidManifest.xml:20:5-44
MERGED from [com.android.support:loader:28.0.0] AndroidManifest.xml:20:5-44
MERGED from [com.android.support:loader:28.0.0] AndroidManifest.xml:20:5-44
MERGED from [android.arch.lifecycle:livedata:1.1.1] AndroidManifest.xml:20:5-44
MERGED from [android.arch.lifecycle:livedata:1.1.1] AndroidManifest.xml:20:5-44
MERGED from [com.android.support:support-vector-drawable:28.0.0] AndroidManifest.xml:20:5-44
MERGED from [com.android.support:support-vector-drawable:28.0.0] AndroidManifest.xml:20:5-44
MERGED from [com.android.support:support-media-compat:28.0.0] AndroidManifest.xml:20:5-44
MERGED from [com.android.support:support-media-compat:28.0.0] AndroidManifest.xml:20:5-44
MERGED from [com.android.support:transition:28.0.0] AndroidManifest.xml:20:5-44
MERGED from [com.android.support:transition:28.0.0] AndroidManifest.xml:20:5-44
MERGED from [com.android.support:viewpager:28.0.0] AndroidManifest.xml:20:5-44
MERGED from [com.android.support:viewpager:28.0.0] AndroidManifest.xml:20:5-44
MERGED from [com.android.support:coordinatorlayout:28.0.0] AndroidManifest.xml:20:5-44
MERGED from [com.android.support:coordinatorlayout:28.0.0] AndroidManifest.xml:20:5-44
MERGED from [com.android.support:drawerlayout:28.0.0] AndroidManifest.xml:20:5-44
MERGED from [com.android.support:drawerlayout:28.0.0] AndroidManifest.xml:20:5-44
MERGED from [com.android.support:slidingpanelayout:28.0.0] AndroidManifest.xml:20:5-44
MERGED from [com.android.support:slidingpanelayout:28.0.0] AndroidManifest.xml:20:5-44
MERGED from [com.android.support:customview:28.0.0] AndroidManifest.xml:20:5-44
MERGED from [com.android.support:customview:28.0.0] AndroidManifest.xml:20:5-44
MERGED from [com.android.support:swiperefreshlayout:28.0.0] AndroidManifest.xml:20:5-44
MERGED from [com.android.support:swiperefreshlayout:28.0.0] AndroidManifest.xml:20:5-44
MERGED from [com.android.support:asynclayoutinflater:28.0.0] AndroidManifest.xml:20:5-44
MERGED from [com.android.support:asynclayoutinflater:28.0.0] AndroidManifest.xml:20:5-44
MERGED from [com.android.support:support-compat:28.0.0] AndroidManifest.xml:20:5-44
MERGED from [com.android.support:support-compat:28.0.0] AndroidManifest.xml:20:5-44
MERGED from [com.android.support:versionedparcelable:28.0.0] AndroidManifest.xml:20:5-44
MERGED from [com.android.support:versionedparcelable:28.0.0] AndroidManifest.xml:20:5-44
MERGED from [com.android.support:cursoradapter:28.0.0] AndroidManifest.xml:20:5-44
MERGED from [com.android.support:cursoradapter:28.0.0] AndroidManifest.xml:20:5-44
MERGED from [android.arch.persistence:db-framework:1.1.1] AndroidManifest.xml:20:5-44
MERGED from [android.arch.persistence:db-framework:1.1.1] AndroidManifest.xml:20:5-44
MERGED from [android.arch.persistence:db:1.1.1] AndroidManifest.xml:20:5-44
MERGED from [android.arch.persistence:db:1.1.1] AndroidManifest.xml:20:5-44
MERGED from [android.arch.lifecycle:livedata-core:1.1.1] AndroidManifest.xml:20:5-44
MERGED from [android.arch.lifecycle:livedata-core:1.1.1] AndroidManifest.xml:20:5-44
MERGED from [android.arch.core:runtime:1.1.1] AndroidManifest.xml:20:5-44
MERGED from [android.arch.core:runtime:1.1.1] AndroidManifest.xml:20:5-44
MERGED from [android.arch.lifecycle:runtime:1.1.1] AndroidManifest.xml:20:5-44
MERGED from [android.arch.lifecycle:runtime:1.1.1] AndroidManifest.xml:20:5-44
MERGED from [com.android.support:exifinterface:28.0.0] AndroidManifest.xml:20:5-44
MERGED from [com.android.support:exifinterface:28.0.0] AndroidManifest.xml:20:5-44
MERGED from [com.android.support:documentfile:28.0.0] AndroidManifest.xml:20:5-44
MERGED from [com.android.support:documentfile:28.0.0] AndroidManifest.xml:20:5-44
MERGED from [com.android.support:localbroadcastmanager:28.0.0] AndroidManifest.xml:20:5-44
MERGED from [com.android.support:localbroadcastmanager:28.0.0] AndroidManifest.xml:20:5-44
MERGED from [com.android.support:print:28.0.0] AndroidManifest.xml:20:5-44
MERGED from [com.android.support:print:28.0.0] AndroidManifest.xml:20:5-44
MERGED from [android.arch.lifecycle:viewmodel:1.1.1] AndroidManifest.xml:20:5-44
MERGED from [android.arch.lifecycle:viewmodel:1.1.1] AndroidManifest.xml:20:5-44
MERGED from [com.android.support:interpolator:28.0.0] AndroidManifest.xml:20:5-44
MERGED from [com.android.support:interpolator:28.0.0] AndroidManifest.xml:20:5-44
INJECTED from Android Studio/AuthVertical_b/AndroidManifest.xml
INJECTED from Android Studio/AuthVertical_b/AndroidManifest.xml
	android:targetSdkVersion
		INJECTED from Android Studio/AuthVertical_b/AndroidManifest.xml
		ADDED from Android Studio/AuthVertical_b/AndroidManifest.xml
		INJECTED from Android Studio/AuthVertical_b/AndroidManifest.xml
	android:minSdkVersion
		INJECTED from Android Studio/AuthVertical_b/AndroidManifest.xml
		ADDED from Android Studio/AuthVertical_b/AndroidManifest.xml
		INJECTED from Android Studio/AuthVertical_b/AndroidManifest.xml
meta-data#android.support.FILE_PROVIDER_PATHS
ADDED from Android Studio/AuthVertical_b/AndroidManifest.xml:107:13-109:54
	android:resource
		ADDED from Android Studio/AuthVertical_b/AndroidManifest.xml:109:17-51
	android:name
		ADDED from Android Studio/AuthVertical_b/AndroidManifest.xml:108:17-67
activity#com.karumi.dexter.DexterActivity
ADDED from [com.karumi:dexter:5.0.0] AndroidManifest.xml:27:9-29:72
	android:theme
		ADDED from [com.karumi:dexter:5.0.0] AndroidManifest.xml:29:13-69
	android:name
		ADDED from [com.karumi:dexter:5.0.0] AndroidManifest.xml:28:13-60